Starting a Gradle Daemon, 3 busy and 1 incompatible and 2 stopped Daemons could not be reused, use --status for details
> Task :srm-domain:compileJava
> Task :srm-persistence:compileJava
> Task :srm-persistence:processResources UP-TO-DATE
> Task :srm-persistence:classes
> Task :srm-persistence:jar
> Task :srm-auth:compileJava
> Task :srm-auth:processResources UP-TO-DATE
> Task :srm-auth:classes
> Task :srm-auth:resolveMainClassName
> Task :srm-domain:processResources NO-SOURCE
> Task :srm-domain:classes
> Task :srm-domain:jar

> Task :srm-auth:bootRun

  .   ____          _            __ _ _
 /\\ / ___'_ __ _ _(_)_ __  __ _ \ \ \ \
( ( )\___ | '_ | '_| | '_ \/ _` | \ \ \ \
 \\/  ___)| |_)| | | | | || (_| |  ) ) ) )
  '  |____| .__|_| |_|_| |_\__, | / / / /
 =========|_|==============|___/=/_/_/_/

 :: Spring Boot ::                (v3.5.3)

2025-10-15T13:11:31.886+08:00  INFO 71916 --- [           main] c.advantech.srm.auth.SrmAuthApplication  : Starting SrmAuthApplication using Java 25 with PID 71916 (D:\workspace\new_srm\back-end\srm\srm-auth\build\classes\java\main started by KHLin in D:\workspace\new_srm\back-end\srm\srm-auth)
2025-10-15T13:11:31.889+08:00  INFO 71916 --- [           main] c.advantech.srm.auth.SrmAuthApplication  : No active profile set, falling back to 1 default profile: "default"
2025-10-15T13:11:32.085+08:00  INFO 71916 --- [           main] o.s.c.i.support.PropertySourceProcessor  : Properties location [classpath:persistence-${spring.profiles.active}.properties] not resolvable: Could not resolve placeholder 'spring.profiles.active' in value "classpath:persistence-${spring.profiles.active}.properties"
2025-10-15T13:11:32.420+08:00  INFO 71916 --- [           main] .s.d.r.c.RepositoryConfigurationDelegate : Bootstrapping Spring Data JPA repositories in DEFAULT mode.
2025-10-15T13:11:32.466+08:00  INFO 71916 --- [           main] .s.d.r.c.RepositoryConfigurationDelegate : Finished Spring Data repository scanning in 37 ms. Found 1 JPA repository interface.
2025-10-15T13:11:33.215+08:00  INFO 71916 --- [           main] o.s.b.w.embedded.tomcat.TomcatWebServer  : Tomcat initialized with port 9000 (http)
2025-10-15T13:11:33.233+08:00  INFO 71916 --- [           main] o.apache.catalina.core.StandardService   : Starting service [Tomcat]
2025-10-15T13:11:33.233+08:00  INFO 71916 --- [           main] o.apache.catalina.core.StandardEngine    : Starting Servlet engine: [Apache Tomcat/10.1.42]
2025-10-15T13:11:33.297+08:00  INFO 71916 --- [           main] o.a.c.c.C.[Tomcat].[localhost].[/]       : Initializing Spring embedded WebApplicationContext
2025-10-15T13:11:33.298+08:00  INFO 71916 --- [           main] w.s.c.ServletWebServerApplicationContext : Root WebApplicationContext: initialization completed in 1364 ms
2025-10-15T13:11:33.382+08:00  INFO 71916 --- [           main] com.zaxxer.hikari.HikariDataSource       : MainHikariPool - Starting...
2025-10-15T13:11:33.669+08:00  INFO 71916 --- [           main] com.zaxxer.hikari.pool.HikariPool        : MainHikariPool - Added connection org.postgresql.jdbc.PgConnection@6f731759
2025-10-15T13:11:33.671+08:00  INFO 71916 --- [           main] com.zaxxer.hikari.HikariDataSource       : MainHikariPool - Start completed.
2025-10-15T13:11:33.744+08:00  INFO 71916 --- [           main] o.hibernate.jpa.internal.util.LogHelper  : HHH000204: Processing PersistenceUnitInfo [name: main]
2025-10-15T13:11:33.798+08:00  INFO 71916 --- [           main] org.hibernate.Version                    : HHH000412: Hibernate ORM core version 6.6.18.Final
2025-10-15T13:11:33.832+08:00  INFO 71916 --- [           main] o.h.c.internal.RegionFactoryInitiator    : HHH000026: Second-level cache disabled
2025-10-15T13:11:34.152+08:00  INFO 71916 --- [           main] o.s.o.j.p.SpringPersistenceUnitInfo      : No LoadTimeWeaver setup: ignoring JPA class transformer
2025-10-15T13:11:34.254+08:00  INFO 71916 --- [           main] org.hibernate.orm.connections.pooling    : HHH10001005: Database info:
	Database JDBC URL [Connecting through datasource 'HikariDataSource (MainHikariPool)']
	Database driver: undefined/unknown
	Database version: 18.0
	Autocommit mode: undefined/unknown
	Isolation level: undefined/unknown
	Minimum pool size: undefined/unknown
	Maximum pool size: undefined/unknown
2025-10-15T13:11:35.097+08:00  INFO 71916 --- [           main] o.h.e.t.j.p.i.JtaPlatformInitiator       : HHH000489: No JTA platform available (set 'hibernate.transaction.jta.platform' to enable JTA platform integration)
2025-10-15T13:11:35.169+08:00  INFO 71916 --- [           main] j.LocalContainerEntityManagerFactoryBean : Initialized JPA EntityManagerFactory for persistence unit 'main'
2025-10-15T13:11:36.399+08:00  WARN 71916 --- [           main] JpaBaseConfiguration$JpaWebConfiguration : spring.jpa.open-in-view is enabled by default. Therefore, database queries may be performed during view rendering. Explicitly configure spring.jpa.open-in-view to disable this warning
2025-10-15T13:11:36.424+08:00  INFO 71916 --- [           main] eAuthenticationProviderManagerConfigurer : Global AuthenticationManager configured with AuthenticationProvider bean with name compositeAuthenticationProvider
2025-10-15T13:11:36.424+08:00  WARN 71916 --- [           main] r$InitializeUserDetailsManagerConfigurer : Global AuthenticationManager configured with an AuthenticationProvider bean. UserDetailsService beans will not be used by Spring Security for automatically configuring username/password login. Consider removing the AuthenticationProvider bean. Alternatively, consider using the UserDetailsService in a manually instantiated DaoAuthenticationProvider. If the current configuration is intentional, to turn off this warning, increase the logging level of 'org.springframework.security.config.annotation.authentication.configuration.InitializeUserDetailsBeanManagerConfigurer' to ERROR
2025-10-15T13:11:37.314+08:00  INFO 71916 --- [           main] .w.s.a.s.AnnotationActionEndpointMapping : Supporting [WS-Addressing August 2004, WS-Addressing 1.0]
2025-10-15T13:11:37.342+08:00  WARN 71916 --- [           main] ConfigServletWebServerApplicationContext : Exception encountered during context initialization - cancelling refresh attempt: org.springframework.context.ApplicationContextException: Failed to start bean 'webServerStartStop'
2025-10-15T13:11:37.342+08:00  INFO 71916 --- [           main] j.LocalContainerEntityManagerFactoryBean : Closing JPA EntityManagerFactory for persistence unit 'main'
2025-10-15T13:11:37.344+08:00  INFO 71916 --- [           main] com.zaxxer.hikari.HikariDataSource       : MainHikariPool - Shutdown initiated...
2025-10-15T13:11:37.347+08:00  INFO 71916 --- [           main] com.zaxxer.hikari.HikariDataSource       : MainHikariPool - Shutdown completed.
2025-10-15T13:11:37.358+08:00  INFO 71916 --- [           main] .s.b.a.l.ConditionEvaluationReportLogger : 

Error starting ApplicationContext. To display the condition evaluation report re-run your application with 'debug' enabled.
2025-10-15T13:11:37.378+08:00 ERROR 71916 --- [           main] o.s.b.d.LoggingFailureAnalysisReporter   : 

***************************
APPLICATION FAILED TO START
***************************

Description:

Web server failed to start. Port 9000 was already in use.

Action:

Identify and stop the process that's listening on port 9000 or configure this application to listen on another port.


> Task :srm-auth:bootRun FAILED
9 actionable tasks: 7 executed, 2 up-to-date
